Choose operation:
1. add
2. sub
3. mul
4. trans
5. trace
Operation add requires 2 operand matrices.
Insert first matrix:
number of rows:number of columns:Now insert the values of the matrix, row by row.
After each cell add the char ',' (including after the last cell of a row).
Each row should be in a separate line.
Insert second matrix:
number of rows:number of columns:Now insert the values of the matrix, row by row.
After each cell add the char ',' (including after the last cell of a row).
Each row should be in a separate line.
--------
Got first matrix:

50 500 501 -1
-3000 12 -1234 1
0 0 34 0
-3 2 10 40

--------
Got second matrix:

1 1 -1 1
2 3 40 56
34 50 -30 -1
0 45 0 0

==========
Resulted matrix:

51 501 500 0
-2998 15 -1194 57
34 50 4 -1
-3 47 10 40

