Choose operation:
1. add
2. sub
3. mul
4. trans
5. trace
Operation sub requires 2 operand matrices.
Insert first matrix:
number of rows:number of columns:Now insert the values of the matrix, row by row.
After each cell add the char ',' (including after the last cell of a row).
Each row should be in a separate line.
Insert second matrix:
number of rows:number of columns:Now insert the values of the matrix, row by row.
After each cell add the char ',' (including after the last cell of a row).
Each row should be in a separate line.
--------
Got first matrix:

10 456 -3
-23 11 7

--------
Got second matrix:

0 0 -70
56 -1 -1

==========
Resulted matrix:

10 456 67
-79 12 8

